<?xml version="1.0" encoding="UTF-8"?>
<!-- Generated by org.testng.reporters.JUnitReportReporter -->
<testsuite hostname="owners-MacBook-Pro.local" failures="0" tests="1" name="com.Amazon.FrameWork.runners.TestRunner" time="8.519" errors="0" timestamp="12 May 2022 21:33:26 GMT" skipped="0">
  <testcase classname="com.Amazon.FrameWork.runners.TestRunner" name="runScenario" time="8.519"/>
</testsuite> <!-- com.Amazon.FrameWork.runners.TestRunner -->
